<?xml version="1.0" encoding="UTF-8"?>
<testng-results ignored="0" total="6" passed="6" failed="0" skipped="0">
  <reporter-output>
  </reporter-output>
  <suite started-at="2022-02-02T11:40:11 IST" name="Suite" finished-at="2022-02-02T11:42:51 IST" duration-ms="160281">
    <groups>
    </groups>
    <test started-at="2022-02-02T11:40:11 IST" name="ChromeTest" finished-at="2022-02-02T11:41:28 IST" duration-ms="77194">
      <class name="TesClass.TestNG">
        <test-method is-config="true" signature="launchBrowser(java.lang.String)[pri:0, instance:TesClass.TestNG@4386f16]" started-at="2022-02-02T11:40:11 IST" name="launchBrowser" finished-at="2022-02-02T11:40:39 IST" duration-ms="27817" status="PASS">
          <params>
            <param index="0">
              <value>
                <![CDATA[chrome]]>
              </value>
            </param>
          </params>
          <reporter-output>
          </reporter-output>
        </test-method> <!-- launchBrowser -->
        <test-method is-config="true" signature="initializePomClasses()[pri:0, instance:TesClass.TestNG@4386f16]" started-at="2022-02-02T11:40:39 IST" name="initializePomClasses" finished-at="2022-02-02T11:40:39 IST" duration-ms="113" status="PASS">
          <reporter-output>
          </reporter-output>
        </test-method> <!-- initializePomClasses -->
        <test-method is-config="true" signature="loginActitime()[pri:0, instance:TesClass.TestNG@4386f16]" started-at="2022-02-02T11:40:39 IST" name="loginActitime" finished-at="2022-02-02T11:40:56 IST" duration-ms="16425" status="PASS">
          <reporter-output>
          </reporter-output>
        </test-method> <!-- loginActitime -->
        <test-method signature="toverifyreporttab()[pri:0, instance:TesClass.TestNG@4386f16]" started-at="2022-02-02T11:40:56 IST" name="toverifyreporttab" finished-at="2022-02-02T11:41:07 IST" duration-ms="11426" status="PASS">
          <reporter-output>
          </reporter-output>
        </test-method> <!-- toverifyreporttab -->
        <test-method is-config="true" signature="afterMethod()[pri:0, instance:TesClass.TestNG@4386f16]" started-at="2022-02-02T11:41:07 IST" name="afterMethod" finished-at="2022-02-02T11:41:09 IST" duration-ms="1553" status="PASS">
          <reporter-output>
          </reporter-output>
        </test-method> <!-- afterMethod -->
        <test-method is-config="true" signature="loginActitime()[pri:0, instance:TesClass.TestNG@4386f16]" started-at="2022-02-02T11:41:09 IST" name="loginActitime" finished-at="2022-02-02T11:41:09 IST" duration-ms="555" status="PASS">
          <reporter-output>
          </reporter-output>
        </test-method> <!-- loginActitime -->
        <test-method signature="toverifytasktab()[pri:0, instance:TesClass.TestNG@4386f16]" started-at="2022-02-02T11:41:09 IST" name="toverifytasktab" finished-at="2022-02-02T11:41:12 IST" duration-ms="2735" status="PASS">
          <reporter-output>
          </reporter-output>
        </test-method> <!-- toverifytasktab -->
        <test-method is-config="true" signature="afterMethod()[pri:0, instance:TesClass.TestNG@4386f16]" started-at="2022-02-02T11:41:12 IST" name="afterMethod" finished-at="2022-02-02T11:41:13 IST" duration-ms="1055" status="PASS">
          <reporter-output>
          </reporter-output>
        </test-method> <!-- afterMethod -->
        <test-method is-config="true" signature="loginActitime()[pri:0, instance:TesClass.TestNG@4386f16]" started-at="2022-02-02T11:41:13 IST" name="loginActitime" finished-at="2022-02-02T11:41:13 IST" duration-ms="516" status="PASS">
          <reporter-output>
          </reporter-output>
        </test-method> <!-- loginActitime -->
        <test-method signature="toverifyusertab()[pri:0, instance:TesClass.TestNG@4386f16]" started-at="2022-02-02T11:41:13 IST" name="toverifyusertab" finished-at="2022-02-02T11:41:21 IST" duration-ms="7661" status="PASS">
          <reporter-output>
          </reporter-output>
        </test-method> <!-- toverifyusertab -->
        <test-method is-config="true" signature="afterMethod()[pri:0, instance:TesClass.TestNG@4386f16]" started-at="2022-02-02T11:41:21 IST" name="afterMethod" finished-at="2022-02-02T11:41:23 IST" duration-ms="1685" status="PASS">
          <reporter-output>
          </reporter-output>
        </test-method> <!-- afterMethod -->
        <test-method is-config="true" signature="clearObjects()[pri:0, instance:TesClass.TestNG@4386f16]" started-at="2022-02-02T11:41:23 IST" name="clearObjects" finished-at="2022-02-02T11:41:23 IST" duration-ms="0" status="PASS">
          <reporter-output>
          </reporter-output>
        </test-method> <!-- clearObjects -->
        <test-method is-config="true" signature="closeBrowser()[pri:0, instance:TesClass.TestNG@4386f16]" started-at="2022-02-02T11:41:23 IST" name="closeBrowser" finished-at="2022-02-02T11:41:28 IST" duration-ms="5498" status="PASS">
          <reporter-output>
          </reporter-output>
        </test-method> <!-- closeBrowser -->
      </class> <!-- TesClass.TestNG -->
    </test> <!-- ChromeTest -->
    <test started-at="2022-02-02T11:41:29 IST" name="FirefoxTest" finished-at="2022-02-02T11:42:51 IST" duration-ms="82531">
      <class name="TesClass.TestNG">
        <test-method is-config="true" signature="launchBrowser(java.lang.String)[pri:0, instance:TesClass.TestNG@63021689]" started-at="2022-02-02T11:41:29 IST" name="launchBrowser" finished-at="2022-02-02T11:42:18 IST" duration-ms="49489" status="PASS">
          <params>
            <param index="0">
              <value>
                <![CDATA[firefox]]>
              </value>
            </param>
          </params>
          <reporter-output>
          </reporter-output>
        </test-method> <!-- launchBrowser -->
        <test-method is-config="true" signature="initializePomClasses()[pri:0, instance:TesClass.TestNG@63021689]" started-at="2022-02-02T11:42:18 IST" name="initializePomClasses" finished-at="2022-02-02T11:42:18 IST" duration-ms="3" status="PASS">
          <reporter-output>
          </reporter-output>
        </test-method> <!-- initializePomClasses -->
        <test-method is-config="true" signature="loginActitime()[pri:0, instance:TesClass.TestNG@63021689]" started-at="2022-02-02T11:42:18 IST" name="loginActitime" finished-at="2022-02-02T11:42:25 IST" duration-ms="6742" status="PASS">
          <reporter-output>
          </reporter-output>
        </test-method> <!-- loginActitime -->
        <test-method signature="toverifyreporttab()[pri:0, instance:TesClass.TestNG@63021689]" started-at="2022-02-02T11:42:25 IST" name="toverifyreporttab" finished-at="2022-02-02T11:42:30 IST" duration-ms="4662" status="PASS">
          <reporter-output>
          </reporter-output>
        </test-method> <!-- toverifyreporttab -->
        <test-method is-config="true" signature="afterMethod()[pri:0, instance:TesClass.TestNG@63021689]" started-at="2022-02-02T11:42:30 IST" name="afterMethod" finished-at="2022-02-02T11:42:33 IST" duration-ms="3667" status="PASS">
          <reporter-output>
          </reporter-output>
        </test-method> <!-- afterMethod -->
        <test-method is-config="true" signature="loginActitime()[pri:0, instance:TesClass.TestNG@63021689]" started-at="2022-02-02T11:42:33 IST" name="loginActitime" finished-at="2022-02-02T11:42:36 IST" duration-ms="2884" status="PASS">
          <reporter-output>
          </reporter-output>
        </test-method> <!-- loginActitime -->
        <test-method signature="toverifytasktab()[pri:0, instance:TesClass.TestNG@63021689]" started-at="2022-02-02T11:42:36 IST" name="toverifytasktab" finished-at="2022-02-02T11:42:38 IST" duration-ms="1203" status="PASS">
          <reporter-output>
          </reporter-output>
        </test-method> <!-- toverifytasktab -->
        <test-method is-config="true" signature="afterMethod()[pri:0, instance:TesClass.TestNG@63021689]" started-at="2022-02-02T11:42:38 IST" name="afterMethod" finished-at="2022-02-02T11:42:38 IST" duration-ms="477" status="PASS">
          <reporter-output>
          </reporter-output>
        </test-method> <!-- afterMethod -->
        <test-method is-config="true" signature="loginActitime()[pri:0, instance:TesClass.TestNG@63021689]" started-at="2022-02-02T11:42:38 IST" name="loginActitime" finished-at="2022-02-02T11:42:41 IST" duration-ms="2520" status="PASS">
          <reporter-output>
          </reporter-output>
        </test-method> <!-- loginActitime -->
        <test-method signature="toverifyusertab()[pri:0, instance:TesClass.TestNG@63021689]" started-at="2022-02-02T11:42:41 IST" name="toverifyusertab" finished-at="2022-02-02T11:42:43 IST" duration-ms="2742" status="PASS">
          <reporter-output>
          </reporter-output>
        </test-method> <!-- toverifyusertab -->
        <test-method is-config="true" signature="afterMethod()[pri:0, instance:TesClass.TestNG@63021689]" started-at="2022-02-02T11:42:43 IST" name="afterMethod" finished-at="2022-02-02T11:42:44 IST" duration-ms="908" status="PASS">
          <reporter-output>
          </reporter-output>
        </test-method> <!-- afterMethod -->
        <test-method is-config="true" signature="clearObjects()[pri:0, instance:TesClass.TestNG@63021689]" started-at="2022-02-02T11:42:44 IST" name="clearObjects" finished-at="2022-02-02T11:42:44 IST" duration-ms="1" status="PASS">
          <reporter-output>
          </reporter-output>
        </test-method> <!-- clearObjects -->
        <test-method is-config="true" signature="closeBrowser()[pri:0, instance:TesClass.TestNG@63021689]" started-at="2022-02-02T11:42:44 IST" name="closeBrowser" finished-at="2022-02-02T11:42:51 IST" duration-ms="7209" status="PASS">
          <reporter-output>
          </reporter-output>
        </test-method> <!-- closeBrowser -->
      </class> <!-- TesClass.TestNG -->
    </test> <!-- FirefoxTest -->
  </suite> <!-- Suite -->
</testng-results>
