<?xml version="1.0" encoding="UTF-8"?>
<!-- Generated by org.testng.reporters.JUnitXMLReporter -->
<testsuite ignored="0" hostname="DESKTOP-FSQ4VCD" failures="0" tests="3" name="ChromeTest" time="77.194" errors="0" timestamp="2022-02-02T11:41:29 IST">
  <testcase classname="TesClass.TestNG" name="toverifyreporttab" time="11.426"/>
  <testcase classname="TesClass.TestNG" name="toverifytasktab" time="2.735"/>
  <testcase classname="TesClass.TestNG" name="toverifyusertab" time="7.661"/>
</testsuite> <!-- ChromeTest -->
