<?xml version="1.0" encoding="UTF-8"?>
<!-- Generated by org.testng.reporters.JUnitXMLReporter -->
<testsuite ignored="0" hostname="DESKTOP-FSQ4VCD" failures="0" tests="3" name="FirefoxTest" time="82.531" errors="0" timestamp="2022-02-02T11:42:51 IST">
  <testcase classname="TesClass.TestNG" name="toverifyreporttab" time="4.662"/>
  <testcase classname="TesClass.TestNG" name="toverifytasktab" time="1.203"/>
  <testcase classname="TesClass.TestNG" name="toverifyusertab" time="2.742"/>
</testsuite> <!-- FirefoxTest -->
