<?xml version="1.0" encoding="UTF-8"?>
<!-- Generated by org.testng.reporters.JUnitXMLReporter -->
<testsuite ignored="0" hostname="DESKTOP-FSQ4VCD" failures="0" tests="3" name="FirefoxTest(failed)" time="39.787" errors="0" timestamp="2022-02-01T11:01:29 IST">
  <testcase classname="TesClass.TestNG" name="toverifyreporttab" time="0.819"/>
  <testcase classname="TesClass.TestNG" name="toverifytasktab" time="1.248"/>
  <testcase classname="TesClass.TestNG" name="toverifyusertab" time="2.682"/>
</testsuite> <!-- FirefoxTest(failed) -->
